This is pdfTeX, Version 3.1415926-2.3-1.40.12 (MiKTeX 2.9) (preloaded format=pdftex 2014.8.8)  17 NOV 2014 10:16
entering extended mode
**C:/Users/Karsten/Dropbox/Dissertation/CurriculumStudy/DraftTISE/references.bi
b

(C:/Users/Karsten/Dropbox/Dissertation/CurriculumStudy/DraftTISE/references.bib
! Missing $ inserted.
<inserted text> 
                $
<to be read again> 
                   _
l.106 ...scomputing.net/files/CampusComputing2013_
                                                  1.pdf}
? 
! Emergency stop.
<inserted text> 
                $
<to be read again> 
                   _
l.106 ...scomputing.net/files/CampusComputing2013_
                                                  1.pdf}
End of file on the terminal!

!  ==> Fatal error occurred, no output PDF file produced!
